2023-12-07T12:32:31.453Z
cwd: ~/pt/plant-exports-prototype-copy-2
package: govuk-prototype-kit@13.16.0
argv: /usr/local/bin/node ~/.npm/_npx/751a68202a4807b7/node_modules/.bin/govuk-prototype-kit migrate
Started [Check migration is being applied to a pre v13 prototype]
Succeeded [Check migration is being applied to a pre v13 prototype]
2023-12-07T12:32:40.872Z
cwd: ~/pt/plant-exports-prototype-copy-2
package: govuk-prototype-kit@13.16.0
argv: /usr/local/bin/node ~/pt/plant-exports-prototype-copy-2/node_modules/.bin/govuk-prototype-kit migrate -- ~/pt/plant-exports-prototype-copy-2
Started [Migrate config.js to config.json]
Started [Update application SCSS file]
Started [Deleted files that are no longer needed]
Started [Deleted directories that are no longer needed]
Started [Delete listen-on-port.js]
Started [Delete server.js]
Started [Delete gulpfile.js]
Started [Delete start.js]
Started [Delete app/assets/sass/application-ie8.scss]
Started [Delete app/assets/sass/unbranded-ie8.scss]
Started [Delete VERSION.txt]
Started [Delete Procfile]
Started [Remove unused directory docs]
Started [Remove unused directory lib]
Started [Remove unused directory gulp]
Started [Remove unused directory public]
Succeeded [Migrate config.js to config.json]
Succeeded [Delete listen-on-port.js]
Succeeded [Delete server.js]
Succeeded [Delete gulpfile.js]
Succeeded [Delete app/assets/sass/application-ie8.scss]
Succeeded [Delete start.js]
Succeeded [Delete app/assets/sass/unbranded-ie8.scss]
Succeeded [Delete VERSION.txt]
Succeeded [Delete Procfile]
Succeeded [Deleted files that are no longer needed]
Found [// Add your routes here - above the module.exports line] in [app/routes.js], replacing
Started [Overwrite app/filters.js]
Started [Overwrite app/assets/javascripts/application.js]
Started [Overwrite app/views/layout.html]
Keeping these lines from old file
Found [// Add extra styles here, or re-organise the Sass files in whichever way makes most sense to you] in [app/assets/sass/application.scss], replacing
Started [Update app/filters.js]
Started [Delete app/assets/images/separator.png]
Started [Delete app/assets/images/separator-2x.png]
Started [Delete app/assets/sass/unbranded.scss]
Started [Delete app/assets/images/unbranded.ico]
Started [Update app/assets/javascripts/application.js]
Started [Delete app/assets/javascripts/auto-store-data.js]
Started [Delete app/views/includes/breadcrumb_examples.html]
Failed [Overwrite app/views/layout.html]
Started [Delete app/views/includes/scripts.html]
Started [Delete app/assets/javascripts/jquery-1.11.3.js]
Started [Delete app/views/includes/cookie-banner.html]
Started [Delete app/views/includes/head.html]
Started [Delete app/views/layout_unbranded.html]
Started [Delete app/assets/sass/patterns/_step-by-step-related.scss]
Started [Delete app/assets/sass/patterns/_related-items.scss]
Keeping these lines from old file
Started [Delete app/assets/sass/patterns/_step-by-step-header.scss]
Started [Delete app/assets/sass/patterns/_task-list.scss]
Started [Delete app/assets/sass/patterns/_step-by-step-nav.scss]
Succeeded [Remove unused directory gulp]
Failed [Delete app/views/includes/scripts.html]
Failed [Delete app/views/includes/cookie-banner.html]
Failed [Delete app/views/includes/head.html]
Failed [Delete app/views/layout_unbranded.html]
Succeeded [Delete app/assets/images/separator.png]
Succeeded [Delete app/assets/images/separator-2x.png]
Succeeded [Delete app/assets/sass/unbranded.scss]
Succeeded [Delete app/assets/images/unbranded.ico]
Succeeded [Delete app/assets/javascripts/auto-store-data.js]
Succeeded [Delete app/views/includes/breadcrumb_examples.html]
Succeeded [Delete app/assets/javascripts/jquery-1.11.3.js]
Succeeded [Delete app/assets/sass/patterns/_step-by-step-related.scss]
Succeeded [Delete app/assets/sass/patterns/_related-items.scss]
Succeeded [Delete app/assets/sass/patterns/_step-by-step-header.scss]
Succeeded [Delete app/assets/sass/patterns/_step-by-step-nav.scss]
Succeeded [Delete app/assets/sass/patterns/_task-list.scss]
Succeeded [Update application SCSS file]
//,// For guidance on how to create routes see:,// https://prototype-kit.service.gov.uk/docs/create-routes,//,,const govukPrototypeKit = require('govuk-prototype-kit'),const router = govukPrototypeKit.requests.setupRouter(),,// Add your routes here,,// custom code to load any file from,const fs = require('fs');,const route_path = "./routes/";,const normalizedPath = require("path").join(__dirname, "./routes/");,/* ,fs.readdirSync(normalizedPath).forEach(function(file) {,    //loads directory this didnt work. Make it work later,,    var path = normalizedPath + file,    console.log(normalizedPath+file),    // require('./routes/'+file)(router);,  });, */,const tools = require('./routes/tools.js');,,require('./routes/routes.js')(router);,// dev loads a specific version route in turn,// the version routes are processed before the global dev ones,require('./routes/dev.js')(router);,,module.exports = router;,
Succeeded [Update app/assets/javascripts/application.js]
Succeeded [Remove unused directory lib]
Found [module.exports = router;,module.exports = router] in [app/routes.js], removing
Succeeded [Overwrite app/assets/javascripts/application.js]
Succeeded [Update app/filters.js]
Succeeded [Update routes file]
Succeeded [Overwrite app/filters.js]
Succeeded [Remove unused directory docs]
Succeeded [Remove unused directory public]
Succeeded [Deleted directories that are no longer needed]
Started [Remove old pattern includes from application SCSS file]
Succeeded [Remove old pattern includes from application SCSS file]
Started [Remove empty directory app/assets/sass/patterns]
Started [Remove empty directory app/assets/images]
Started [Remove empty directory app/views/includes]
Skipped deleting app/assets/sass/patterns
Skipped deleting app/views/includes
Skipped deleting app/assets/images
